0 verbose cli [
0 verbose cli   '/usr/bin/node',
0 verbose cli   '/usr/bin/npm',
0 verbose cli   'install',
0 verbose cli   '--ignore-scripts',
0 verbose cli   '@types/express@ts5.2',
0 verbose cli   '@types/uuid@ts5.2',
0 verbose cli   '@types/body-parser@ts5.2',
0 verbose cli   '@types/merge-descriptors@ts5.2',
0 verbose cli   '@types/redis-errors@ts5.2',
0 verbose cli   '@types/serve-static@ts5.2',
0 verbose cli   '--save-dev',
0 verbose cli   '--user-agent=typesInstaller/5.2.2'
0 verbose cli ]
1 info using npm@8.5.1
2 info using node@v12.22.9
3 timing npm:load:whichnode Completed in 0ms
4 timing config:load:defaults Completed in 1ms
5 timing config:load:file:/usr/share/nodejs/npm/npmrc Completed in 2ms
6 timing config:load:builtin Completed in 2ms
7 timing config:load:cli Completed in 2ms
8 timing config:load:env Completed in 0ms
9 timing config:load:file:/home/sowmyak/.cache/typescript/5.2/.npmrc Completed in 0ms
10 timing config:load:project Completed in 4ms
11 timing config:load:file:/home/sowmyak/.npmrc Completed in 0ms
12 timing config:load:user Completed in 0ms
13 timing config:load:file:/etc/npmrc Completed in 1ms
14 timing config:load:global Completed in 1ms
15 timing config:load:validate Completed in 0ms
16 timing config:load:credentials Completed in 0ms
17 timing config:load:setEnvs Completed in 1ms
18 timing config:load Completed in 11ms
19 timing npm:load:configload Completed in 11ms
20 timing npm:load:setTitle Completed in 1ms
21 timing config:load:flatten Completed in 2ms
22 timing npm:load:display Completed in 2ms
23 verbose logfile /home/sowmyak/.npm/_logs/2023-10-13T04_39_56_942Z-debug-0.log
24 timing npm:load:logFile Completed in 4ms
25 timing npm:load:timers Completed in 0ms
26 timing npm:load:configScope Completed in 0ms
27 timing npm:load Completed in 19ms
28 timing arborist:ctor Completed in 1ms
29 silly logfile start cleaning logs, removing 1 files
30 timing idealTree:init Completed in 10ms
31 timing arborist:ctor Completed in 0ms
32 http fetch GET 200 https://registry.npmjs.org/@types%2fmerge-descriptors 173ms (cache miss)
33 http fetch GET 200 https://registry.npmjs.org/@types%2fbody-parser 176ms (cache miss)
34 http fetch GET 200 https://registry.npmjs.org/@types%2fexpress 417ms (cache miss)
35 http fetch GET 200 https://registry.npmjs.org/@types%2fserve-static 637ms (cache miss)
36 http fetch GET 200 https://registry.npmjs.org/@types%2fredis-errors 1096ms (cache miss)
37 http fetch GET 200 https://registry.npmjs.org/@types%2fuuid 1236ms (cache miss)
38 timing idealTree:userRequests Completed in 1240ms
39 silly idealTree buildDeps
40 silly fetch manifest @types/express@4.17.19
41 silly fetch manifest @types/uuid@9.0.5
42 silly fetch manifest @types/body-parser@1.19.3
43 silly fetch manifest @types/merge-descriptors@1.0.1
44 silly fetch manifest @types/redis-errors@1.2.1
45 silly fetch manifest @types/serve-static@1.15.3
46 silly placeDep ROOT @types/body-parser@1.19.3 OK for:  want: 1.19.3
47 silly placeDep ROOT @types/express@4.17.19 OK for:  want: 4.17.19
48 silly placeDep ROOT @types/merge-descriptors@1.0.1 OK for:  want: 1.0.1
49 silly placeDep ROOT @types/redis-errors@1.2.1 OK for:  want: 1.2.1
50 silly placeDep ROOT @types/serve-static@1.15.3 OK for:  want: 1.15.3
51 silly placeDep ROOT @types/uuid@9.0.5 OK for:  want: 9.0.5
52 silly fetch manifest @types/connect@*
53 silly fetch manifest @types/node@*
54 silly fetch manifest @types/express-serve-static-core@^4.17.33
55 silly fetch manifest @types/qs@*
56 silly fetch manifest @types/http-errors@*
57 silly fetch manifest @types/mime@*
58 http fetch GET 200 https://registry.npmjs.org/@types%2fhttp-errors 65ms (cache miss)
59 http fetch GET 200 https://registry.npmjs.org/@types%2fconnect 69ms (cache miss)
60 http fetch GET 200 https://registry.npmjs.org/@types%2fqs 69ms (cache miss)
61 http fetch GET 200 https://registry.npmjs.org/@types%2fmime 73ms (cache miss)
62 http fetch GET 200 https://registry.npmjs.org/@types%2fexpress-serve-static-core 78ms (cache miss)
63 http fetch GET 200 https://registry.npmjs.org/@types%2fnode 199ms (cache miss)
64 timing idealTree:#root Completed in 219ms
65 silly placeDep ROOT @types/connect@3.4.36 OK for: @types/body-parser@1.19.3 want: *
66 silly placeDep ROOT @types/node@20.8.5 OK for: @types/body-parser@1.19.3 want: *
67 silly fetch manifest undici-types@~5.25.1
68 http fetch GET 200 https://registry.npmjs.org/undici-types 48ms (cache miss)
69 timing idealTree:node_modules/@types/body-parser Completed in 55ms
70 timing idealTree:node_modules/@types/connect Completed in 0ms
71 silly placeDep ROOT @types/express-serve-static-core@4.17.37 OK for: @types/express@4.17.19 want: ^4.17.33
72 silly placeDep ROOT @types/qs@6.9.8 OK for: @types/express@4.17.19 want: *
73 silly fetch manifest @types/range-parser@*
74 silly fetch manifest @types/send@*
75 http fetch GET 200 https://registry.npmjs.org/@types%2frange-parser 47ms (cache miss)
76 http fetch GET 200 https://registry.npmjs.org/@types%2fsend 51ms (cache miss)
77 timing idealTree:node_modules/@types/express Completed in 59ms
78 silly placeDep ROOT @types/range-parser@1.2.5 OK for: @types/express-serve-static-core@4.17.37 want: *
79 silly placeDep ROOT @types/send@0.17.2 OK for: @types/express-serve-static-core@4.17.37 want: *
80 silly fetch manifest @types/mime@^1
81 timing idealTree:node_modules/@types/express-serve-static-core Completed in 3ms
82 timing idealTree:node_modules/@types/merge-descriptors Completed in 0ms
83 silly placeDep ROOT undici-types@5.25.3 OK for: @types/node@20.8.5 want: ~5.25.1
84 timing idealTree:node_modules/@types/node Completed in 1ms
85 timing idealTree:node_modules/@types/qs Completed in 0ms
86 timing idealTree:node_modules/@types/range-parser Completed in 0ms
87 timing idealTree:node_modules/@types/redis-errors Completed in 0ms
88 silly placeDep ROOT @types/mime@1.3.3 OK for: @types/send@0.17.2 want: ^1
89 timing idealTree:node_modules/@types/send Completed in 2ms
90 timing idealTree:node_modules/@types/mime Completed in 0ms
91 silly placeDep ROOT @types/http-errors@2.0.2 OK for: @types/serve-static@1.15.3 want: *
92 timing idealTree:node_modules/@types/serve-static Completed in 3ms
93 timing idealTree:node_modules/@types/http-errors Completed in 0ms
94 timing idealTree:node_modules/@types/uuid Completed in 0ms
95 timing idealTree:node_modules/undici-types Completed in 0ms
96 timing idealTree:buildDeps Completed in 344ms
97 timing idealTree:fixDepFlags Completed in 0ms
98 timing idealTree Completed in 1598ms
99 timing reify:loadTrees Completed in 1599ms
100 timing reify:diffTrees Completed in 2ms
101 silly reify moves {}
102 timing reify:retireShallow Completed in 0ms
103 timing reify:createSparse Completed in 5ms
104 timing reify:loadBundles Completed in 0ms
105 silly audit bulk request {
105 silly audit   'types-registry': [ '0.1.664' ],
105 silly audit   '@types/body-parser': [ '1.19.3' ],
105 silly audit   '@types/express': [ '4.17.19' ],
105 silly audit   '@types/merge-descriptors': [ '1.0.1' ],
105 silly audit   '@types/redis-errors': [ '1.2.1' ],
105 silly audit   '@types/serve-static': [ '1.15.3' ],
105 silly audit   '@types/uuid': [ '9.0.5' ],
105 silly audit   '@types/connect': [ '3.4.36' ],
105 silly audit   '@types/node': [ '20.8.5' ],
105 silly audit   '@types/express-serve-static-core': [ '4.17.37' ],
105 silly audit   '@types/qs': [ '6.9.8' ],
105 silly audit   '@types/range-parser': [ '1.2.5' ],
105 silly audit   '@types/send': [ '0.17.2' ],
105 silly audit   'undici-types': [ '5.25.3' ],
105 silly audit   '@types/mime': [ '1.3.3' ],
105 silly audit   '@types/http-errors': [ '2.0.2' ]
105 silly audit }
106 silly tarball no local data for @types/http-errors@https://registry.npmjs.org/@types/http-errors/-/http-errors-2.0.2.tgz. Extracting by manifest.
107 silly tarball no local data for @types/mime@https://registry.npmjs.org/@types/mime/-/mime-1.3.3.tgz. Extracting by manifest.
108 silly tarball no local data for @types/send@https://registry.npmjs.org/@types/send/-/send-0.17.2.tgz. Extracting by manifest.
109 silly tarball no local data for @types/range-parser@https://registry.npmjs.org/@types/range-parser/-/range-parser-1.2.5.tgz. Extracting by manifest.
110 silly tarball no local data for @types/qs@https://registry.npmjs.org/@types/qs/-/qs-6.9.8.tgz. Extracting by manifest.
111 silly tarball no local data for @types/express-serve-static-core@https://registry.npmjs.org/@types/express-serve-static-core/-/express-serve-static-core-4.17.37.tgz. Extracting by manifest.
112 silly tarball no local data for @types/connect@https://registry.npmjs.org/@types/connect/-/connect-3.4.36.tgz. Extracting by manifest.
113 silly tarball no local data for @types/uuid@https://registry.npmjs.org/@types/uuid/-/uuid-9.0.5.tgz. Extracting by manifest.
114 silly tarball no local data for @types/serve-static@https://registry.npmjs.org/@types/serve-static/-/serve-static-1.15.3.tgz. Extracting by manifest.
115 silly tarball no local data for @types/redis-errors@https://registry.npmjs.org/@types/redis-errors/-/redis-errors-1.2.1.tgz. Extracting by manifest.
116 silly tarball no local data for @types/merge-descriptors@https://registry.npmjs.org/@types/merge-descriptors/-/merge-descriptors-1.0.1.tgz. Extracting by manifest.
117 silly tarball no local data for @types/express@https://registry.npmjs.org/@types/express/-/express-4.17.19.tgz. Extracting by manifest.
118 silly tarball no local data for @types/body-parser@https://registry.npmjs.org/@types/body-parser/-/body-parser-1.19.3.tgz. Extracting by manifest.
119 silly tarball no local data for @types/node@https://registry.npmjs.org/@types/node/-/node-20.8.5.tgz. Extracting by manifest.
120 http fetch POST 200 https://registry.npmjs.org/-/npm/v1/security/advisories/bulk 136ms
121 timing auditReport:getReport Completed in 138ms
122 silly audit report {}
123 timing auditReport:init Completed in 0ms
124 timing reify:audit Completed in 139ms
125 http fetch GET 200 https://registry.npmjs.org/@types/http-errors/-/http-errors-2.0.2.tgz 132ms (cache miss)
126 timing reifyNode:node_modules/@types/http-errors Completed in 147ms
127 http fetch GET 200 https://registry.npmjs.org/@types/qs/-/qs-6.9.8.tgz 116ms (cache miss)
128 timing reifyNode:node_modules/@types/qs Completed in 149ms
129 http fetch GET 200 https://registry.npmjs.org/@types/mime/-/mime-1.3.3.tgz 134ms (cache miss)
130 timing reifyNode:node_modules/@types/mime Completed in 153ms
131 http fetch GET 200 https://registry.npmjs.org/@types/send/-/send-0.17.2.tgz 132ms (cache miss)
132 timing reifyNode:node_modules/@types/send Completed in 156ms
133 http fetch GET 200 https://registry.npmjs.org/@types/range-parser/-/range-parser-1.2.5.tgz 132ms (cache miss)
134 timing reifyNode:node_modules/@types/range-parser Completed in 160ms
135 timing reifyNode:node_modules/undici-types Completed in 163ms
136 http fetch GET 200 https://registry.npmjs.org/@types/express-serve-static-core/-/express-serve-static-core-4.17.37.tgz 386ms (cache miss)
137 timing reifyNode:node_modules/@types/express-serve-static-core Completed in 423ms
138 http fetch GET 200 https://registry.npmjs.org/@types/body-parser/-/body-parser-1.19.3.tgz 357ms (cache miss)
139 timing reifyNode:node_modules/@types/body-parser Completed in 437ms
140 http fetch GET 200 https://registry.npmjs.org/@types/express/-/express-4.17.19.tgz 387ms (cache miss)
141 timing reifyNode:node_modules/@types/express Completed in 452ms
142 http fetch GET 200 https://registry.npmjs.org/@types/serve-static/-/serve-static-1.15.3.tgz 417ms (cache miss)
143 timing reifyNode:node_modules/@types/serve-static Completed in 472ms
144 http fetch GET 200 https://registry.npmjs.org/@types/uuid/-/uuid-9.0.5.tgz 430ms (cache miss)
145 timing reifyNode:node_modules/@types/uuid Completed in 476ms
146 http fetch GET 200 https://registry.npmjs.org/@types/node/-/node-20.8.5.tgz 512ms (cache miss)
147 timing reifyNode:node_modules/@types/node Completed in 596ms
148 http fetch GET 200 https://registry.npmjs.org/@types/merge-descriptors/-/merge-descriptors-1.0.1.tgz 591ms (cache miss)
149 timing reifyNode:node_modules/@types/merge-descriptors Completed in 653ms
150 http fetch GET 200 https://registry.npmjs.org/@types/redis-errors/-/redis-errors-1.2.1.tgz 600ms (cache miss)
151 timing reifyNode:node_modules/@types/redis-errors Completed in 659ms
152 http fetch GET 200 https://registry.npmjs.org/@types/connect/-/connect-3.4.36.tgz 1224ms (cache miss)
153 timing reifyNode:node_modules/@types/connect Completed in 1266ms
154 timing reify:unpack Completed in 1266ms
155 timing reify:unretire Completed in 0ms
156 timing build:queue Completed in 0ms
157 timing build:deps Completed in 0ms
158 timing build Completed in 1ms
159 timing reify:build Completed in 2ms
160 timing reify:trash Completed in 0ms
161 timing reify:save Completed in 8ms
162 timing reify Completed in 2900ms
163 silly ADD node_modules/@types/http-errors
164 silly ADD node_modules/@types/mime
165 silly ADD node_modules/undici-types
166 silly ADD node_modules/@types/send
167 silly ADD node_modules/@types/range-parser
168 silly ADD node_modules/@types/qs
169 silly ADD node_modules/@types/express-serve-static-core
170 silly ADD node_modules/@types/node
171 silly ADD node_modules/@types/connect
172 silly ADD node_modules/@types/uuid
173 silly ADD node_modules/@types/serve-static
174 silly ADD node_modules/@types/redis-errors
175 silly ADD node_modules/@types/merge-descriptors
176 silly ADD node_modules/@types/express
177 silly ADD node_modules/@types/body-parser
178 timing command:install Completed in 2905ms
179 verbose exit 0
180 timing npm Completed in 3069ms
181 info ok
