0 verbose cli [
0 verbose cli   '/usr/bin/node',
0 verbose cli   '/usr/bin/npm',
0 verbose cli   'install',
0 verbose cli   '--ignore-scripts',
0 verbose cli   'types-registry@latest'
0 verbose cli ]
1 info using npm@8.5.1
2 info using node@v12.22.9
3 timing npm:load:whichnode Completed in 1ms
4 timing config:load:defaults Completed in 2ms
5 timing config:load:file:/usr/share/nodejs/npm/npmrc Completed in 5ms
6 timing config:load:builtin Completed in 5ms
7 timing config:load:cli Completed in 3ms
8 timing config:load:env Completed in 0ms
9 timing config:load:file:/home/sowmyak/.cache/typescript/5.2/.npmrc Completed in 0ms
10 timing config:load:project Completed in 6ms
11 timing config:load:file:/home/sowmyak/.npmrc Completed in 1ms
12 timing config:load:user Completed in 1ms
13 timing config:load:file:/etc/npmrc Completed in 0ms
14 timing config:load:global Completed in 0ms
15 timing config:load:validate Completed in 1ms
16 timing config:load:credentials Completed in 0ms
17 timing config:load:setEnvs Completed in 2ms
18 timing config:load Completed in 21ms
19 timing npm:load:configload Completed in 21ms
20 timing npm:load:setTitle Completed in 1ms
21 timing config:load:flatten Completed in 3ms
22 timing npm:load:display Completed in 3ms
23 verbose logfile /home/sowmyak/.npm/_logs/2023-10-13T04_39_55_420Z-debug-0.log
24 timing npm:load:logFile Completed in 8ms
25 timing npm:load:timers Completed in 0ms
26 timing npm:load:configScope Completed in 0ms
27 timing npm:load Completed in 34ms
28 timing arborist:ctor Completed in 1ms
29 silly logfile start cleaning logs, removing 1 files
30 timing arborist:ctor Completed in 0ms
31 timing idealTree:init Completed in 23ms
32 http fetch GET 200 https://registry.npmjs.org/types-registry 569ms (cache miss)
33 timing idealTree:userRequests Completed in 584ms
34 silly idealTree buildDeps
35 silly fetch manifest types-registry@0.1.664
36 silly placeDep ROOT types-registry@0.1.664 OK for:  want: 0.1.664
37 timing idealTree:#root Completed in 5ms
38 timing idealTree:node_modules/types-registry Completed in 0ms
39 timing idealTree:buildDeps Completed in 7ms
40 timing idealTree:fixDepFlags Completed in 0ms
41 timing idealTree Completed in 616ms
42 timing reify:loadTrees Completed in 617ms
43 timing reify:diffTrees Completed in 1ms
44 silly reify moves {}
45 timing reify:retireShallow Completed in 0ms
46 timing reify:createSparse Completed in 2ms
47 timing reify:loadBundles Completed in 0ms
48 silly audit bulk request { 'types-registry': [ '0.1.664' ] }
49 silly tarball no local data for types-registry@https://registry.npmjs.org/types-registry/-/types-registry-0.1.664.tgz. Extracting by manifest.
50 http fetch POST 200 https://registry.npmjs.org/-/npm/v1/security/advisories/bulk 95ms
51 timing auditReport:getReport Completed in 96ms
52 silly audit report {}
53 timing auditReport:init Completed in 1ms
54 timing reify:audit Completed in 97ms
55 http fetch GET 200 https://registry.npmjs.org/types-registry/-/types-registry-0.1.664.tgz 206ms (cache miss)
56 timing reifyNode:node_modules/types-registry Completed in 219ms
57 timing reify:unpack Completed in 219ms
58 timing reify:unretire Completed in 0ms
59 timing build:queue Completed in 0ms
60 timing build:deps Completed in 1ms
61 timing build Completed in 1ms
62 timing reify:build Completed in 1ms
63 timing reify:trash Completed in 0ms
64 timing reify:save Completed in 6ms
65 timing reify Completed in 860ms
66 silly ADD node_modules/types-registry
67 timing command:install Completed in 866ms
68 verbose exit 0
69 timing npm Completed in 1279ms
70 info ok
